c:\users\user\desktop\team_mhcompany\team118a_uint\mfc_project\include\x64\debug\vc140.pdb
c:\users\user\desktop\team_mhcompany\team118a_uint\mfc_project\include\x64\debug\vc140.idb
c:\users\user\desktop\team_mhcompany\team118a_uint\mfc_project\include\x64\debug\scene_logo.obj
c:\users\user\desktop\team_mhcompany\team118a_uint\mfc_project\include\x64\debug\scene_manager.obj
c:\users\user\desktop\team_mhcompany\team118a_uint\mfc_project\include\x64\debug\sound_manager.obj
c:\users\user\desktop\team_mhcompany\team118a_uint\mfc_project\include\x64\debug\ui_animation_graph.obj
c:\users\user\desktop\team_mhcompany\team118a_uint\mfc_project\include\x64\debug\mfc_project.obj
c:\users\user\desktop\team_mhcompany\team118a_uint\mfc_project\include\x64\debug\mfc_projectdoc.obj
c:\users\user\desktop\team_mhcompany\team118a_uint\mfc_project\include\x64\debug\mfc_projectview.obj
c:\users\user\desktop\team_mhcompany\team118a_uint\mfc_project\include\x64\debug\mainfrm.obj
c:\users\user\desktop\team_mhcompany\team118a_uint\mfc_project\include\x64\debug\mainview.obj
c:\users\user\desktop\team_mhcompany\team118a_uint\mfc_project\include\x64\debug\menuform.obj
c:\users\user\desktop\team_mhcompany\team118a_uint\mfc_project\include\x64\debug\popuptool_objecttree.obj
c:\users\user\desktop\team_mhcompany\team118a_uint\mfc_project\include\x64\debug\popuptool_texturetree.obj
c:\users\user\desktop\team_mhcompany\team118a_uint\mfc_project\include\x64\debug\popup_lightoption.obj
c:\users\user\desktop\team_mhcompany\team118a_uint\mfc_project\include\x64\debug\tool_animation.obj
c:\users\user\desktop\team_mhcompany\team118a_uint\mfc_project\include\x64\debug\tool_camera.obj
c:\users\user\desktop\team_mhcompany\team118a_uint\mfc_project\include\x64\debug\tool_effect.obj
c:\users\user\desktop\team_mhcompany\team118a_uint\mfc_project\include\x64\debug\tool_map.obj
c:\users\user\desktop\team_mhcompany\team118a_uint\mfc_project\include\x64\debug\tool_particle.obj
c:\users\user\desktop\team_mhcompany\team118a_uint\mfc_project\include\x64\debug\tool_ui.obj
c:\users\user\desktop\team_mhcompany\team118a_uint\mfc_project\include\x64\debug\tool_world.obj
c:\users\user\desktop\team_mhcompany\team118a_uint\mfc_project\include\x64\debug\background.obj
c:\users\user\desktop\team_mhcompany\team118a_uint\mfc_project\include\x64\debug\dmesh_test.obj
c:\users\user\desktop\team_mhcompany\team118a_uint\mfc_project\include\x64\debug\mfc_camcontrol_at.obj
c:\users\user\desktop\team_mhcompany\team118a_uint\mfc_project\include\x64\debug\mfc_camcontrol_eye.obj
c:\users\user\desktop\team_mhcompany\team118a_uint\mfc_project\include\x64\debug\mfc_line.obj
c:\users\user\desktop\team_mhcompany\team118a_uint\mfc_project\include\x64\debug\mfc_map.obj
c:\users\user\desktop\team_mhcompany\team118a_uint\mfc_project\include\x64\debug\mfc_obstacle.obj
c:\users\user\desktop\team_mhcompany\team118a_uint\mfc_project\include\x64\debug\smesh_test.obj
c:\users\user\desktop\team_mhcompany\team118a_uint\mfc_project\include\x64\debug\scene_loading.obj
c:\users\user\desktop\team_mhcompany\team118a_uint\mfc_project\include\x64\debug\scene_lobby.obj
c:\users\user\desktop\team_mhcompany\team118a_uint\mfc_project\include\x64\debug\mfc_unittest.obj
c:\users\user\desktop\team_mhcompany\team118a_uint\mfc_project\include\x64\debug\mfc_unittest_eunho.obj
c:\users\user\desktop\team_mhcompany\team118a_uint\mfc_project\include\x64\debug\mfc_unittest_jeyoung.obj
c:\users\user\desktop\team_mhcompany\team118a_uint\mfc_project\include\x64\debug\mfc_unittest_jongho.obj
c:\users\user\desktop\team_mhcompany\team118a_uint\mfc_project\include\x64\debug\mfc_unittest_minhyun.obj
c:\users\user\desktop\team_mhcompany\team118a_uint\mfc_project\include\x64\debug\mfc_unittest_minwoo.obj
c:\users\user\desktop\team_mhcompany\team118a_uint\mfc_project\include\x64\debug\scene_cafe.obj
c:\users\user\desktop\team_mhcompany\team118a_uint\mfc_project\include\x64\debug\popup_effectbase.obj
c:\users\user\desktop\team_mhcompany\team118a_uint\mfc_project\include\x64\debug\camera_cafe.obj
c:\users\user\desktop\team_mhcompany\team118a_uint\mfc_project\include\x64\debug\sukeban_smg.obj
c:\users\user\desktop\team_mhcompany\team118a_uint\mfc_project\include\x64\debug\popup_effectfilter.obj
c:\users\user\desktop\team_mhcompany\team118a_uint\mfc_project\include\x64\debug\mfcworld.obj
c:\users\user\desktop\team_mhcompany\team118a_uint\mfc_project\include\x64\debug\mutsuki.obj
c:\users\user\desktop\team_mhcompany\team118a_uint\mfc_project\include\x64\debug\scene_combat.obj
c:\users\user\desktop\team_mhcompany\team118a_uint\mfc_project\include\x64\debug\startmark.obj
c:\users\user\desktop\team_mhcompany\team118a_uint\mfc_project\include\x64\debug\tool_tile.obj
c:\users\user\desktop\team_mhcompany\team118a_uint\mfc_project\include\x64\debug\scene_tilefield.obj
c:\users\user\desktop\team_mhcompany\team118a_uint\mfc_project\include\x64\debug\scene_runtest.obj
c:\users\user\desktop\team_mhcompany\team118a_uint\mfc_project\include\x64\debug\mfc_project.pch
c:\users\user\desktop\team_mhcompany\team118a_uint\mfc_project\include\x64\debug\stdafx.obj
c:\users\user\desktop\team_mhcompany\team118a_uint\mfc_project\bin\mfc_project.ilk
c:\users\user\desktop\team_mhcompany\team118a_uint\mfc_project\bin\mfc_project.exe
c:\users\user\desktop\team_mhcompany\team118a_uint\mfc_project\bin\mfc_project.pdb
c:\users\user\desktop\team_mhcompany\team118a_uint\mfc_project\bin\mfc_project.lib
c:\users\user\desktop\team_mhcompany\team118a_uint\mfc_project\bin\mfc_project.exp
c:\users\user\desktop\team_mhcompany\team118a_uint\mfc_project\include\x64\debug\mfc_project.res
c:\users\user\desktop\team_mhcompany\team118a_uint\mfc_project\include\../bin\mfc_project.exe
c:\users\user\desktop\team_mhcompany\team118a_uint\mfc_project\include\x64\debug\mfc_project.tlog\cl.command.1.tlog
c:\users\user\desktop\team_mhcompany\team118a_uint\mfc_project\include\x64\debug\mfc_project.tlog\cl.read.1.tlog
c:\users\user\desktop\team_mhcompany\team118a_uint\mfc_project\include\x64\debug\mfc_project.tlog\cl.write.1.tlog
c:\users\user\desktop\team_mhcompany\team118a_uint\mfc_project\include\x64\debug\mfc_project.tlog\link.command.1.tlog
c:\users\user\desktop\team_mhcompany\team118a_uint\mfc_project\include\x64\debug\mfc_project.tlog\link.delete.1.tlog
c:\users\user\desktop\team_mhcompany\team118a_uint\mfc_project\include\x64\debug\mfc_project.tlog\link.read.1.tlog
c:\users\user\desktop\team_mhcompany\team118a_uint\mfc_project\include\x64\debug\mfc_project.tlog\link.write.1.tlog
c:\users\user\desktop\team_mhcompany\team118a_uint\mfc_project\include\x64\debug\mfc_project.tlog\mfc_project.write.1u.tlog
c:\users\user\desktop\team_mhcompany\team118a_uint\mfc_project\include\x64\debug\mfc_project.tlog\rc.command.1.tlog
c:\users\user\desktop\team_mhcompany\team118a_uint\mfc_project\include\x64\debug\mfc_project.tlog\rc.read.1.tlog
c:\users\user\desktop\team_mhcompany\team118a_uint\mfc_project\include\x64\debug\mfc_project.tlog\rc.write.1.tlog
