c:\users\user\desktop\team_mhcompany\team118a_uint\client\include\x64\debug\vc140.pdb
c:\users\user\desktop\team_mhcompany\team118a_uint\client\include\x64\debug\vc140.idb
c:\users\user\desktop\team_mhcompany\team118a_uint\client\include\x64\debug\logo.obj
c:\users\user\desktop\team_mhcompany\team118a_uint\client\include\x64\debug\client.pch
c:\users\user\desktop\team_mhcompany\team118a_uint\client\include\x64\debug\stdafx.obj
c:\users\user\desktop\team_mhcompany\team118a_uint\client\include\x64\debug\actioncam_manager.obj
c:\users\user\desktop\team_mhcompany\team118a_uint\client\include\x64\debug\background.obj
c:\users\user\desktop\team_mhcompany\team118a_uint\client\include\x64\debug\camcontrol_at.obj
c:\users\user\desktop\team_mhcompany\team118a_uint\client\include\x64\debug\camcontrol_eye.obj
c:\users\user\desktop\team_mhcompany\team118a_uint\client\include\x64\debug\dmesh_test.obj
c:\users\user\desktop\team_mhcompany\team118a_uint\client\include\x64\debug\loading.obj
c:\users\user\desktop\team_mhcompany\team118a_uint\client\include\x64\debug\lobby.obj
c:\users\user\desktop\team_mhcompany\team118a_uint\client\include\x64\debug\mainapp.obj
c:\users\user\desktop\team_mhcompany\team118a_uint\client\include\x64\debug\map_test_eunho.obj
c:\users\user\desktop\team_mhcompany\team118a_uint\client\include\x64\debug\smesh_test.obj
c:\users\user\desktop\team_mhcompany\team118a_uint\client\include\x64\debug\scene_manager.obj
c:\users\user\desktop\team_mhcompany\team118a_uint\client\include\x64\debug\sound_manager.obj
c:\users\user\desktop\team_mhcompany\team118a_uint\client\include\x64\debug\client.obj
c:\users\user\desktop\team_mhcompany\team118a_uint\client\include\x64\debug\camera_cafe.obj
c:\users\user\desktop\team_mhcompany\team118a_uint\client\include\x64\debug\camera_tps.obj
c:\users\user\desktop\team_mhcompany\team118a_uint\client\include\x64\debug\mutsuki.obj
c:\users\user\desktop\team_mhcompany\team118a_uint\client\include\x64\debug\test_bg.obj
c:\users\user\desktop\team_mhcompany\team118a_uint\client\include\x64\debug\bullet.obj
c:\users\user\desktop\team_mhcompany\team118a_uint\client\include\x64\debug\ray_line.obj
c:\users\user\desktop\team_mhcompany\team118a_uint\client\include\x64\debug\sukeban_smg.obj
c:\users\user\desktop\team_mhcompany\team118a_uint\client\include\x64\debug\clientscene_loading.obj
c:\users\user\desktop\team_mhcompany\team118a_uint\client\include\x64\debug\clientscene_lobby.obj
c:\users\user\desktop\team_mhcompany\team118a_uint\client\include\x64\debug\clientscene_logo.obj
c:\users\user\desktop\team_mhcompany\team118a_uint\client\include\x64\debug\clientscene_cafe.obj
c:\users\user\desktop\team_mhcompany\team118a_uint\client\include\x64\debug\clientscene_combat.obj
c:\users\user\desktop\team_mhcompany\team118a_uint\client\include\x64\debug\clientscene_manager.obj
c:\users\user\desktop\team_mhcompany\team118a_uint\client\bin\client.lib
c:\users\user\desktop\team_mhcompany\team118a_uint\client\bin\client.exp
c:\users\user\desktop\team_mhcompany\team118a_uint\client\bin\client.ilk
c:\users\user\desktop\team_mhcompany\team118a_uint\client\bin\client.exe
c:\users\user\desktop\team_mhcompany\team118a_uint\client\bin\client.pdb
c:\users\user\desktop\team_mhcompany\team118a_uint\client\include\x64\debug\client.res
c:\users\user\desktop\team_mhcompany\team118a_uint\client\include\../bin\client.exe
c:\users\user\desktop\team_mhcompany\team118a_uint\client\include\x64\debug\client.tlog\cl.command.1.tlog
c:\users\user\desktop\team_mhcompany\team118a_uint\client\include\x64\debug\client.tlog\cl.read.1.tlog
c:\users\user\desktop\team_mhcompany\team118a_uint\client\include\x64\debug\client.tlog\cl.write.1.tlog
c:\users\user\desktop\team_mhcompany\team118a_uint\client\include\x64\debug\client.tlog\client.write.1u.tlog
c:\users\user\desktop\team_mhcompany\team118a_uint\client\include\x64\debug\client.tlog\link.command.1.tlog
c:\users\user\desktop\team_mhcompany\team118a_uint\client\include\x64\debug\client.tlog\link.read.1.tlog
c:\users\user\desktop\team_mhcompany\team118a_uint\client\include\x64\debug\client.tlog\link.write.1.tlog
c:\users\user\desktop\team_mhcompany\team118a_uint\client\include\x64\debug\client.tlog\rc.command.1.tlog
c:\users\user\desktop\team_mhcompany\team118a_uint\client\include\x64\debug\client.tlog\rc.read.1.tlog
c:\users\user\desktop\team_mhcompany\team118a_uint\client\include\x64\debug\client.tlog\rc.write.1.tlog
