  .\Engine\Code\ActionCam_Mgr.h
  .\Engine\Code\AniCtrl.h
  .\Engine\Code\AttackObj.h
  .\Engine\Code\AttackObj_Monster.h
  .\Engine\Code\AttackObj_Player.h
  .\Engine\Code\BackBoard.h
  .\Engine\Code\Binah.h
  .\Engine\Code\Binah_Environment.h
  .\Engine\Code\Binah_Halo.h
  .\Engine\Code\Binah_Tail.h
  .\Engine\Code\BombEffect.h
  .\Engine\Code\BossMonster.h
  .\Engine\Code\Boss_HpBar.h
  .\Engine\Code\BoxCat.h
  .\Engine\Code\Bullet_Bezier.h
  .\Engine\Code\Bullet_Dead.h
  .\Engine\Code\Bullet_Normal.h
  .\Engine\Code\Bullet_Normal_Monster.h
  .\Engine\Code\Bullet_Normal_Trail.h
  .\Engine\Code\Bullet_Parabola_Monster.h
  .\Engine\Code\Bullet_Run_Normal.h
  .\Engine\Code\Calculator.h
  .\Engine\Code\CamControl_At.h
  .\Engine\Code\CamControl_Eye.h
  .\Engine\Code\Camera.h
  .\Engine\Code\Camera_Cafe.h
  .\Engine\Code\Camera_TPS.h
  .\Engine\Code\Character.h
  .\Engine\Code\CharacterMgr.h
  .\Engine\Code\Char_Airi.h
  .\Engine\Code\Char_Akane.h
  .\Engine\Code\Char_Aris.h
  .\Engine\Code\Char_Aru.h
  .\Engine\Code\Char_Azusa.h
  .\Engine\Code\Char_Chinatsu.h
  .\Engine\Code\Char_Chise.h
  .\Engine\Code\Char_Eimi.h
  .\Engine\Code\Char_Hasumi.h
  .\Engine\Code\Char_Hibiki.h
  .\Engine\Code\Char_Hina.h
  .\Engine\Code\Char_Iori.h
  .\Engine\Code\Char_Izumi.h
  .\Engine\Code\Char_Juri.h
  .\Engine\Code\Char_Karin.h
  .\Engine\Code\Char_Kayoko.h
  .\Engine\Code\Char_Kirino.h
  .\Engine\Code\Char_Maki.h
  .\Engine\Code\Char_Mashiro.h
  .\Engine\Code\Char_Momoi.h
  .\Engine\Code\Char_Mutsuki.h
  .\Engine\Code\Char_Neru.h
  .\Engine\Code\Char_Nodoka.h
  .\Engine\Code\Char_Pina.h
  .\Engine\Code\Char_Serika.h
  .\Engine\Code\Char_Shun.h
  .\Engine\Code\Char_Sumire.h
  .\Engine\Code\Char_Suzumi.h
  .\Engine\Code\Char_Utaha.h
  .\Engine\Code\Char_Wakamo.h
  .\Engine\Code\Char_Yoshimi.h
  .\Engine\Code\Char_Yuzu.h
  .\Engine\Code\Char_Zunko.h
  .\Engine\Code\Chesed_Circle_Bullet.h
  .\Engine\Code\Chesed_Direct_Laser.h
  .\Engine\Code\Chesed_Normal_Bullet.h
  .\Engine\Code\Chesed_Web_Laser.h
  .\Engine\Code\CircleGuide.h
  .\Engine\Code\Collider.h
  .\Engine\Code\CollisionManager.h
  .\Engine\Code\CombatTile.h
  .\Engine\Code\Component.h
  .\Engine\Code\Cook_GenbuStore_AR.h
  .\Engine\Code\Cook_GenbuStore_MG.h
  .\Engine\Code\Cook_GenbuStore_SG.h
  .\Engine\Code\CrossRectBuffer.h
  .\Engine\Code\CutDonutGuide.h
  .\Engine\Code\DataManager.h
  .\Engine\Code\DataParsing.h
  .\Engine\Code\Dialog_Manager.h
  .\Engine\Code\DMesh.h
  .\Engine\Code\DonutGuide.h
  .\Engine\Code\Droid_HelmetBoss_SMG.h
  .\Engine\Code\Droid_Helmet_AR.h
  .\Engine\Code\Droid_Helmet_RL.h
  .\Engine\Code\Droid_Helmet_SMG.h
  .\Engine\Code\Droid_Yoheki_Shield.h
  .\Engine\Code\Drone_Bullet.h
  .\Engine\Code\Drone_Decagram_Missile.h
  .\Engine\Code\Drone_Decagram_Vulcan.h
  .\Engine\Code\DynamicCamera.h
  .\Engine\Code\EffectObject.h
  .\Engine\Code\EMesh.h
  .\Engine\Code\EnemyTSS_Aparche_Blackmarket.h
  .\Engine\Code\EnemyTSS_Crusader_PMC.h
  .\Engine\Code\Engine_Define.h
  .\Engine\Code\Engine_Enum.h
  .\Engine\Code\Engine_Function.h
  .\Engine\Code\Engine_Macro.h
  .\Engine\Code\Engine_Struct.h
  .\Engine\Code\Engine_Typedef.h
  .\Engine\Code\Export_Function.h
  .\Engine\Code\FanGuide.h
  .\Engine\Code\FogManager.h
  .\Engine\Code\FontMgr.h
  .\Engine\Code\FoodTruck_GenbuStore_MG.h
  .\Engine\Code\Frame.h
  .\Engine\Code\FrameMgr.h
  .\Engine\Code\FX_Utaha_Original_Turret.h
  .\Engine\Code\GameManager.h
  .\Engine\Code\GameObject.h
  .\Engine\Code\GasMask_Arius_HMG.h
  .\Engine\Code\GasMask_Arius_SMG.h
  .\Engine\Code\Goliath_Decagram_Vulcan.h
  .\Engine\Code\GraphicDev.h
  .\Engine\Code\HeavyTank01_Helmet_Cannon.h
  .\Engine\Code\HeavyTank_Decagram_Cannon.h
  .\Engine\Code\HierarchyLoader.h
  .\Engine\Code\Hieronymus.h
  .\Engine\Code\Hiero_G_Lantern.h
  .\Engine\Code\Hiero_R_Lantern.h
  .\Engine\Code\Hod.h
  .\Engine\Code\Hod_Cannon.h
  .\Engine\Code\Invite_Character.h
  .\Engine\Code\Kaitenranger_Black_HG.h
  .\Engine\Code\Kaitenranger_Green_HMG.h
  .\Engine\Code\Kaitenranger_Pink_RL.h
  .\Engine\Code\Kaitenranger_Red_AR.h
  .\Engine\Code\Kaitenranger_Yellow_SR.h
  .\Engine\Code\KeyManager.h
  .\Engine\Code\KumabotPapa_Slumpia_SG.h
  .\Engine\Code\Kuro.h
  .\Engine\Code\KuroGround.h
  .\Engine\Code\Kuro_Car.h
  .\Engine\Code\Kuro_Cup.h
  .\Engine\Code\Kuro_Horse.h
  .\Engine\Code\Layer.h
  .\Engine\Code\Light.h
  .\Engine\Code\LightMgr.h
  .\Engine\Code\LightTank_Helmet_Vulcan.h
  .\Engine\Code\Line.h
  .\Engine\Code\LoadingManager.h
  .\Engine\Code\Management.h
  .\Engine\Code\Mascot.h
  .\Engine\Code\Monster.h
  .\Engine\Code\MyFont.h
  .\Engine\Code\MyMath.h
  .\Engine\Code\Obstacle.h
D:\VisualStudio\Common7\IDE\VC\VCTargets\Microsoft.CppCommon.targets(128,5): warning MSB5021: 빌드가 취소되었으므로 작업 실행 파일 "cmd" 및 자식 프로세스를 종료합니다.
