  Binah.cpp
  Binah_Tail.cpp
  Boss_HpBar.cpp
  Bullet_Run_Normal.cpp
  Char_Sumire.cpp
  Character.cpp
  Chesed_Circle_Bullet.cpp
  Chesed_Direct_Laser.cpp
  Chesed_Normal_Bullet.cpp
  Chesed_Web_Laser.cpp
  Dialog_Manager.cpp
  Drone_Bullet.cpp
  GameManager.cpp
  Goliath_Decagram_Vulcan.cpp
  HeavyTank01_Helmet_Cannon.cpp
  HeavyTank_Decagram_Cannon.cpp
  Hieronymus.cpp
  Hod.cpp
  Hod_Cannon.cpp
  Kuro.cpp
  LoadingManager.cpp
  Management.cpp
  Mascot.cpp
  Monster.cpp
  QuatCamera.cpp
  Renderer.cpp
  Run_Chesed.cpp
  Run_Drone.cpp
  Run_Map.cpp
  Run_Obstacle.cpp
  Run_Player.cpp
  Run_Unit.cpp
  Scene.cpp
  Shiro.cpp
  TileField.cpp
  UI_Manager.cpp
  Unit.cpp
  WorldCreator.cpp
  WorldUI.cpp
  Engine.vcxproj -> D:\팀 포폴\Team118A_Uint\Engine\Include\../Bin\Engine.dll
  .\Engine\Code\ActionCam_Mgr.h
  .\Engine\Code\AniCtrl.h
  .\Engine\Code\AttackObj.h
  .\Engine\Code\AttackObj_Monster.h
  .\Engine\Code\AttackObj_Player.h
  .\Engine\Code\BackBoard.h
  .\Engine\Code\Binah.h
  .\Engine\Code\Binah_Environment.h
  .\Engine\Code\Binah_Halo.h
  .\Engine\Code\Binah_Tail.h
  .\Engine\Code\BombEffect.h
  .\Engine\Code\BossMonster.h
  .\Engine\Code\Boss_HpBar.h
  .\Engine\Code\BoxCat.h
  .\Engine\Code\Bullet_Bezier.h
  .\Engine\Code\Bullet_Dead.h
  .\Engine\Code\Bullet_Normal.h
  .\Engine\Code\Bullet_Normal_Monster.h
  .\Engine\Code\Bullet_Normal_Trail.h
  .\Engine\Code\Bullet_Parabola_Monster.h
  .\Engine\Code\Bullet_Run_Normal.h
  .\Engine\Code\Calculator.h
  .\Engine\Code\CamControl_At.h
  .\Engine\Code\CamControl_Eye.h
  .\Engine\Code\Camera.h
  .\Engine\Code\Camera_Cafe.h
  .\Engine\Code\Camera_TPS.h
  .\Engine\Code\Character.h
  .\Engine\Code\CharacterMgr.h
  .\Engine\Code\Char_Airi.h
  .\Engine\Code\Char_Akane.h
  .\Engine\Code\Char_Aris.h
  .\Engine\Code\Char_Aru.h
  .\Engine\Code\Char_Azusa.h
  .\Engine\Code\Char_Chinatsu.h
  .\Engine\Code\Char_Chise.h
  .\Engine\Code\Char_Eimi.h
  .\Engine\Code\Char_Hasumi.h
  .\Engine\Code\Char_Hibiki.h
  .\Engine\Code\Char_Hina.h
  .\Engine\Code\Char_Iori.h
  .\Engine\Code\Char_Izumi.h
  .\Engine\Code\Char_Juri.h
  .\Engine\Code\Char_Karin.h
  .\Engine\Code\Char_Kayoko.h
  .\Engine\Code\Char_Kirino.h
  .\Engine\Code\Char_Maki.h
  .\Engine\Code\Char_Mashiro.h
  .\Engine\Code\Char_Momoi.h
  .\Engine\Code\Char_Mutsuki.h
  .\Engine\Code\Char_Neru.h
  .\Engine\Code\Char_Nodoka.h
  .\Engine\Code\Char_Pina.h
  .\Engine\Code\Char_Serika.h
  .\Engine\Code\Char_Shun.h
  .\Engine\Code\Char_Sumire.h
  .\Engine\Code\Char_Suzumi.h
  .\Engine\Code\Char_Utaha.h
  .\Engine\Code\Char_Wakamo.h
  .\Engine\Code\Char_Yoshimi.h
  .\Engine\Code\Char_Yuzu.h
  .\Engine\Code\Char_Zunko.h
  .\Engine\Code\Chesed_Circle_Bullet.h
  .\Engine\Code\Chesed_Direct_Laser.h
  .\Engine\Code\Chesed_Normal_Bullet.h
  .\Engine\Code\Chesed_Web_Laser.h
  .\Engine\Code\CircleGuide.h
  .\Engine\Code\Collider.h
  .\Engine\Code\CollisionManager.h
  .\Engine\Code\CombatTile.h
  .\Engine\Code\Component.h
  .\Engine\Code\Cook_GenbuStore_AR.h
  .\Engine\Code\Cook_GenbuStore_MG.h
  .\Engine\Code\Cook_GenbuStore_SG.h
  .\Engine\Code\CrossRectBuffer.h
  .\Engine\Code\CutDonutGuide.h
  .\Engine\Code\DataManager.h
  .\Engine\Code\DataParsing.h
  .\Engine\Code\Dialog_Manager.h
  .\Engine\Code\DMesh.h
  .\Engine\Code\DonutGuide.h
  .\Engine\Code\Droid_HelmetBoss_SMG.h
  .\Engine\Code\Droid_Helmet_AR.h
  .\Engine\Code\Droid_Helmet_RL.h
  .\Engine\Code\Droid_Helmet_SMG.h
  .\Engine\Code\Droid_Yoheki_Shield.h
  .\Engine\Code\Drone_Bullet.h
  .\Engine\Code\Drone_Decagram_Missile.h
  .\Engine\Code\Drone_Decagram_Vulcan.h
  .\Engine\Code\DynamicCamera.h
  .\Engine\Code\EffectObject.h
  .\Engine\Code\EMesh.h
  .\Engine\Code\EnemyTSS_Aparche_Blackmarket.h
  .\Engine\Code\EnemyTSS_Crusader_PMC.h
  .\Engine\Code\Engine_Define.h
  .\Engine\Code\Engine_Enum.h
  .\Engine\Code\Engine_Function.h
  .\Engine\Code\Engine_Macro.h
  .\Engine\Code\Engine_Struct.h
  .\Engine\Code\Engine_Typedef.h
  .\Engine\Code\Export_Function.h
  .\Engine\Code\FanGuide.h
  .\Engine\Code\FogManager.h
  .\Engine\Code\FontMgr.h
  .\Engine\Code\FoodTruck_GenbuStore_MG.h
  .\Engine\Code\Frame.h
  .\Engine\Code\FrameMgr.h
  .\Engine\Code\FX_Utaha_Original_Turret.h
  .\Engine\Code\GameManager.h
  .\Engine\Code\GameObject.h
  .\Engine\Code\GasMask_Arius_HMG.h
  .\Engine\Code\GasMask_Arius_SMG.h
  .\Engine\Code\Goliath_Decagram_Vulcan.h
  .\Engine\Code\GraphicDev.h
  .\Engine\Code\HeavyTank01_Helmet_Cannon.h
  .\Engine\Code\HeavyTank_Decagram_Cannon.h
  .\Engine\Code\HierarchyLoader.h
  .\Engine\Code\Hieronymus.h
  .\Engine\Code\Hiero_G_Lantern.h
  .\Engine\Code\Hiero_R_Lantern.h
  .\Engine\Code\Hod.h
  .\Engine\Code\Hod_Cannon.h
  .\Engine\Code\Invite_Character.h
  .\Engine\Code\Kaitenranger_Black_HG.h
  .\Engine\Code\Kaitenranger_Green_HMG.h
  .\Engine\Code\Kaitenranger_Pink_RL.h
  .\Engine\Code\Kaitenranger_Red_AR.h
  .\Engine\Code\Kaitenranger_Yellow_SR.h
  .\Engine\Code\KeyManager.h
  .\Engine\Code\KumabotPapa_Slumpia_SG.h
  .\Engine\Code\Kuro.h
  .\Engine\Code\KuroGround.h
  .\Engine\Code\Kuro_Car.h
  .\Engine\Code\Kuro_Cup.h
  .\Engine\Code\Kuro_Horse.h
  .\Engine\Code\Layer.h
  .\Engine\Code\Light.h
  .\Engine\Code\LightMgr.h
  .\Engine\Code\LightTank_Helmet_Vulcan.h
  .\Engine\Code\Line.h
  .\Engine\Code\LoadingManager.h
  .\Engine\Code\Management.h
  .\Engine\Code\Mascot.h
  .\Engine\Code\Monster.h
  .\Engine\Code\MyFont.h
  .\Engine\Code\MyMath.h
  .\Engine\Code\Obstacle.h
  .\Engine\Code\Obstacle_Cafe.h
  .\Engine\Code\Obstacle_Combat.h
  .\Engine\Code\ParticleObject.h
  .\Engine\Code\PrefabManager.h
  .\Engine\Code\ProtoMgr.h
  .\Engine\Code\QuatCamera.h
  .\Engine\Code\RectBuffer.h
  .\Engine\Code\RectTest.h
  .\Engine\Code\Renderer.h
  .\Engine\Code\RenderTarget.h
  .\Engine\Code\RenderTargetMgr.h
  .\Engine\Code\RoyalGuard_RedWinterSergeant_AR.h
  .\Engine\Code\RoyalGuard_RedWinter_AR.h
  .\Engine\Code\RoyalGuard_RedWinter_GL.h
  .\Engine\Code\RoyalGuard_RedWinter_SMG.h
  .\Engine\Code\Run_Chesed.h
  .\Engine\Code\Run_Drone.h
  .\Engine\Code\Run_Map.h
  .\Engine\Code\Run_Obstacle.h
  .\Engine\Code\Run_Player.h
  .\Engine\Code\Run_Unit.h
  .\Engine\Code\Scene.h
  .\Engine\Code\SchoolGirl01_SukebanSwim_SMG.h
  .\Engine\Code\SchoolGirl01_Sukeban_SMG.h
  .\Engine\Code\SchoolGirl02_SukebanSwim_SR.h
  .\Engine\Code\SchoolGirl02_Sukeban_SR.h
  .\Engine\Code\SchoolGirl03_SukebanSwim_MG.h
  .\Engine\Code\SchoolGirl03_Sukeban_HMG.h
  .\Engine\Code\SchoolGirlBoss02_SukebanSwim_MG.h
  .\Engine\Code\Shader.h
  .\Engine\Code\Shiro.h
  .\Engine\Code\Shiro_Ball.h
  .\Engine\Code\Shiro_Bomb_S.h
  .\Engine\Code\SkillGuideObject.h
  .\Engine\Code\SkillObject.h
  .\Engine\Code\Skill_Manager.h
  .\Engine\Code\SkyDome.h
  .\Engine\Code\SMesh.h
  .\Engine\Code\Soldier_Blackmarket_RL.h
  .\Engine\Code\Soldier_Fuuki_MG.h
  .\Engine\Code\Soldier_Helmet_AR.h
  .\Engine\Code\Soldier_Helmet_SG.h
  .\Engine\Code\Soldier_Helmet_SR.h
  .\Engine\Code\Soldier_Kaiserpmc_HG.h
  .\Engine\Code\Soldier_RedWinterYoheki_SG.h
  .\Engine\Code\Soldier_RedWinterYoheki_SR.h
  .\Engine\Code\Soldier_RWY_AR.h
  .\Engine\Code\Soldier_YohekiPink_MG.h
  .\Engine\Code\Soldier_YohekiPink_SMG.h
  .\Engine\Code\Sound_Manager.h
  .\Engine\Code\SphereCollider.h
  .\Engine\Code\SphereTex2.h
  .\Engine\Code\StageMap.h
  .\Engine\Code\StaticObject.h
  .\Engine\Code\StraightGuide.h
  .\Engine\Code\Sukeban_MG.h
  .\Engine\Code\Sukeban_SMG.h
  .\Engine\Code\Sukeban_SR.h
  .\Engine\Code\Sweeper_Decagram_Taser.h
  .\Engine\Code\Tanmak_Effect.h
  .\Engine\Code\TechSoldier_Decagram_AR.h
  .\Engine\Code\Terror_Droid_Mimesis_AR.h
  .\Engine\Code\Terror_Droid_Mimesis_RL.h
  .\Engine\Code\Terror_Droid_Mimesis_Shield.h
  .\Engine\Code\Terror_GasMask_Arius_GL.h
  .\Engine\Code\Terror_GasMask_Arius_HMG.h
  .\Engine\Code\Terror_GasMask_Arius_SMG.h
  .\Engine\Code\Texture.h
  .\Engine\Code\TileField.h
  .\Engine\Code\Timer.h
  .\Engine\Code\TimerMgr.h
  .\Engine\Code\TimeScale_Manager.h
  .\Engine\Code\Trail_Fix.h
  .\Engine\Code\Transform.h
  .\Engine\Code\UISkillObject.h
  .\Engine\Code\UI_Damage.h
  .\Engine\Code\UI_Manager.h
  .\Engine\Code\UI_Object.h
  .\Engine\Code\UI_Scroll_View.h
  .\Engine\Code\UI_Slider_Vert.h
  .\Engine\Code\Unit.h
  .\Engine\Code\Utility.h
  .\Engine\Code\VIBuffer.h
  .\Engine\Code\Wall512.h
  .\Engine\Code\Warning.h
  .\Engine\Code\Warning_Mgr.h
  .\Engine\Code\WorldCreator.h
  .\Engine\Code\WorldUI.h
  .\Engine\Code\XL_ParsingMgr.h
  .\Engine\Code\YukataHanya_StreetGhostes_SR.h
  .\Engine\Code\YukataHanya_StreetGhostes_SR_Cannon.h
  .\Engine\Code\YukataHanya_StreetGhostes_SR_Turret.h
  .\Engine\Code\Yukata_StreetGhostes_MG.h
  .\Engine\Code\Yukata_StreetGhostes_RL.h
  .\Engine\Code\Yukata_StreetGhostes_SG.h
  .\Engine\Code\Yukata_StreetGhostes_SG_Turret.h
  .\Engine\Code\Yustina_AR.h
  .\Engine\Code\Yustina_SMG.h
  .\Engine\Code\Yustina_SR.h
        246개 파일이 복사되었습니다.
  .\Engine\Code\Shader_Base.fx
  .\Engine\Code\Shader_Blend.fx
  .\Engine\Code\Shader_Blur.fx
  .\Engine\Code\Shader_Effect.fx
  .\Engine\Code\Shader_Effect_Blend.fx
  .\Engine\Code\Shader_GodRay.fx
  .\Engine\Code\Shader_LightMgr.fx
  .\Engine\Code\Shader_Particle.fx
  .\Engine\Code\Shader_PostProcess.fx
  .\Engine\Code\Shader_Shade.fx
  .\Engine\Code\Shader_Show_Base.fx
  .\Engine\Code\Shader_Show_Blend.fx
  .\Engine\Code\Shader_Show_Shade.fx
  .\Engine\Code\Shader_Trail.fx
  .\Engine\Code\Shader_Ui.fx
         15개 파일이 복사되었습니다.
  .\Engine\Code\*.hpp 
  지정된 파일을 찾을 수 없습니다.
          0개 파일이 복사되었습니다.
          1개 파일이 복사되었습니다.
          1개 파일이 복사되었습니다.
          1개 파일이 복사되었습니다.
