c:\users\user\desktop\team_mhcompany\team118a_uint\engine\include\x64\debug\attackobj.obj
c:\users\user\desktop\team_mhcompany\team118a_uint\engine\include\x64\debug\bullet_bezier.obj
c:\users\user\desktop\team_mhcompany\team118a_uint\engine\include\x64\debug\camera_cafe.obj
c:\users\user\desktop\team_mhcompany\team118a_uint\engine\include\x64\debug\char_cherino.obj
c:\users\user\desktop\team_mhcompany\team118a_uint\engine\include\x64\debug\char_hibiki.obj
c:\users\user\desktop\team_mhcompany\team118a_uint\engine\include\x64\debug\char_kayoko.obj
c:\users\user\desktop\team_mhcompany\team118a_uint\engine\include\x64\debug\char_neru.obj
c:\users\user\desktop\team_mhcompany\team118a_uint\engine\include\x64\debug\char_yuzu.obj
c:\users\user\desktop\team_mhcompany\team118a_uint\engine\include\x64\debug\cook_genbustore_mg.obj
c:\users\user\desktop\team_mhcompany\team118a_uint\engine\include\x64\debug\dataparsing.obj
c:\users\user\desktop\team_mhcompany\team118a_uint\engine\include\x64\debug\droid_helmet_rl.obj
c:\users\user\desktop\team_mhcompany\team118a_uint\engine\include\x64\debug\drone_decagram_vulcan.obj
c:\users\user\desktop\team_mhcompany\team118a_uint\engine\include\x64\debug\fx_utaha_original_turret.obj
c:\users\user\desktop\team_mhcompany\team118a_uint\engine\include\x64\debug\gasmask_arius_hmg.obj
c:\users\user\desktop\team_mhcompany\team118a_uint\engine\include\x64\debug\hiero_g_lantern.obj
c:\users\user\desktop\team_mhcompany\team118a_uint\engine\include\x64\debug\kaitenranger_yellow_sr.obj
c:\users\user\desktop\team_mhcompany\team118a_uint\engine\include\x64\debug\management.obj
c:\users\user\desktop\team_mhcompany\team118a_uint\engine\include\x64\debug\prefabmanager.obj
c:\users\user\desktop\team_mhcompany\team118a_uint\engine\include\x64\debug\quatcamera.obj
c:\users\user\desktop\team_mhcompany\team118a_uint\engine\include\x64\debug\run_chesed.obj
c:\users\user\desktop\team_mhcompany\team118a_uint\engine\include\x64\debug\schoolgirl02_sukebanswim_sr.obj
c:\users\user\desktop\team_mhcompany\team118a_uint\engine\include\x64\debug\shiro_ball.obj
c:\users\user\desktop\team_mhcompany\team118a_uint\engine\include\x64\debug\soldier_helmet_sg.obj
c:\users\user\desktop\team_mhcompany\team118a_uint\engine\include\x64\debug\soldier_yohekipink_mg.obj
c:\users\user\desktop\team_mhcompany\team118a_uint\engine\include\x64\debug\sukeban_sr.obj
c:\users\user\desktop\team_mhcompany\team118a_uint\engine\include\x64\debug\terror_droid_mimesis_rl.obj
c:\users\user\desktop\team_mhcompany\team118a_uint\engine\include\x64\debug\tilefield.obj
c:\users\user\desktop\team_mhcompany\team118a_uint\engine\include\x64\debug\vibuffer.obj
c:\users\user\desktop\team_mhcompany\team118a_uint\engine\include\x64\debug\worldui.obj
c:\users\user\desktop\team_mhcompany\team118a_uint\engine\include\x64\debug\yukata_streetghostes_mg.obj
c:\users\user\desktop\team_mhcompany\team118a_uint\engine\include\x64\debug\yustina_sr.obj
c:\users\user\desktop\team_mhcompany\team118a_uint\engine\include\x64\debug\anictrl.obj
c:\users\user\desktop\team_mhcompany\team118a_uint\engine\include\x64\debug\boxcat.obj
c:\users\user\desktop\team_mhcompany\team118a_uint\engine\include\x64\debug\bullet_normal_trail.obj
c:\users\user\desktop\team_mhcompany\team118a_uint\engine\include\x64\debug\char_airi.obj
c:\users\user\desktop\team_mhcompany\team118a_uint\engine\include\x64\debug\char_azusa.obj
c:\users\user\desktop\team_mhcompany\team118a_uint\engine\include\x64\debug\char_hasumi.obj
c:\users\user\desktop\team_mhcompany\team118a_uint\engine\include\x64\debug\char_karin.obj
c:\users\user\desktop\team_mhcompany\team118a_uint\engine\include\x64\debug\char_mutsuki.obj
c:\users\user\desktop\team_mhcompany\team118a_uint\engine\include\x64\debug\char_sumire.obj
c:\users\user\desktop\team_mhcompany\team118a_uint\engine\include\x64\debug\char_yoshimi.obj
c:\users\user\desktop\team_mhcompany\team118a_uint\engine\include\x64\debug\collisionmanager.obj
c:\users\user\desktop\team_mhcompany\team118a_uint\engine\include\x64\debug\droid_helmet_ar.obj
c:\users\user\desktop\team_mhcompany\team118a_uint\engine\include\x64\debug\dynamiccamera.obj
c:\users\user\desktop\team_mhcompany\team118a_uint\engine\include\x64\debug\fogmanager.obj
c:\users\user\desktop\team_mhcompany\team118a_uint\engine\include\x64\debug\gamemanager.obj
c:\users\user\desktop\team_mhcompany\team118a_uint\engine\include\x64\debug\kaitenranger_green_hmg.obj
c:\users\user\desktop\team_mhcompany\team118a_uint\engine\include\x64\debug\kumabotpapa_slumpia_sg.obj
c:\users\user\desktop\team_mhcompany\team118a_uint\engine\include\x64\debug\mascot.obj
c:\users\user\desktop\team_mhcompany\team118a_uint\engine\include\x64\debug\protomgr.obj
c:\users\user\desktop\team_mhcompany\team118a_uint\engine\include\x64\debug\rectbuffer.obj
c:\users\user\desktop\team_mhcompany\team118a_uint\engine\include\x64\debug\renderer.obj
c:\users\user\desktop\team_mhcompany\team118a_uint\engine\include\x64\debug\scene.obj
c:\users\user\desktop\team_mhcompany\team118a_uint\engine\include\x64\debug\schoolgirlboss02_sukebanswim_mg.obj
c:\users\user\desktop\team_mhcompany\team118a_uint\engine\include\x64\debug\soldier_fuuki_mg.obj
c:\users\user\desktop\team_mhcompany\team118a_uint\engine\include\x64\debug\soldier_kaiserpmc_hg.obj
c:\users\user\desktop\team_mhcompany\team118a_uint\engine\include\x64\debug\sound_manager.obj
c:\users\user\desktop\team_mhcompany\team118a_uint\engine\include\x64\debug\stagemap.obj
c:\users\user\desktop\team_mhcompany\team118a_uint\engine\include\x64\debug\terror_gasmask_arius_gl.obj
c:\users\user\desktop\team_mhcompany\team118a_uint\engine\include\x64\debug\timer.obj
c:\users\user\desktop\team_mhcompany\team118a_uint\engine\include\x64\debug\ui_damage.obj
c:\users\user\desktop\team_mhcompany\team118a_uint\engine\include\x64\debug\unit.obj
c:\users\user\desktop\team_mhcompany\team118a_uint\engine\include\x64\debug\yukatahanya_streetghostes_sr.obj
c:\users\user\desktop\team_mhcompany\team118a_uint\engine\include\x64\debug\yukata_streetghostes_sg_turret.obj
c:\users\user\desktop\team_mhcompany\team118a_uint\engine\include\x64\debug\actioncam_mgr.obj
c:\users\user\desktop\team_mhcompany\team118a_uint\engine\include\x64\debug\camcontrol_at.obj
c:\users\user\desktop\team_mhcompany\team118a_uint\engine\include\x64\debug\char_aris.obj
c:\users\user\desktop\team_mhcompany\team118a_uint\engine\include\x64\debug\char_eimi.obj
c:\users\user\desktop\team_mhcompany\team118a_uint\engine\include\x64\debug\char_izumi.obj
c:\users\user\desktop\team_mhcompany\team118a_uint\engine\include\x64\debug\char_mashiro.obj
c:\users\user\desktop\team_mhcompany\team118a_uint\engine\include\x64\debug\char_serika.obj
c:\users\user\desktop\team_mhcompany\team118a_uint\engine\include\x64\debug\char_wakamo.obj
c:\users\user\desktop\team_mhcompany\team118a_uint\engine\include\x64\debug\collider.obj
c:\users\user\desktop\team_mhcompany\team118a_uint\engine\include\x64\debug\cook_genbustore_ar.obj
c:\users\user\desktop\team_mhcompany\team118a_uint\engine\include\x64\debug\datamanager.obj
c:\users\user\desktop\team_mhcompany\team118a_uint\engine\include\x64\debug\droid_yoheki_shield.obj
c:\users\user\desktop\team_mhcompany\team118a_uint\engine\include\x64\debug\effectobject.obj
c:\users\user\desktop\team_mhcompany\team118a_uint\engine\include\x64\debug\framemgr.obj
c:\users\user\desktop\team_mhcompany\team118a_uint\engine\include\x64\debug\graphicdev.obj
c:\users\user\desktop\team_mhcompany\team118a_uint\engine\include\x64\debug\heavytank01_helmet_cannon.obj
c:\users\user\desktop\team_mhcompany\team118a_uint\engine\include\x64\debug\hieronymus.obj
c:\users\user\desktop\team_mhcompany\team118a_uint\engine\include\x64\debug\layer.obj
c:\users\user\desktop\team_mhcompany\team118a_uint\engine\include\x64\debug\monster.obj
c:\users\user\desktop\team_mhcompany\team118a_uint\engine\include\x64\debug\obstacle_combat.obj
c:\users\user\desktop\team_mhcompany\team118a_uint\engine\include\x64\debug\royalguard_redwinter_ar.obj
c:\users\user\desktop\team_mhcompany\team118a_uint\engine\include\x64\debug\run_player.obj
c:\users\user\desktop\team_mhcompany\team118a_uint\engine\include\x64\debug\schoolgirl02_sukeban_sr.obj
c:\users\user\desktop\team_mhcompany\team118a_uint\engine\include\x64\debug\shiro_bomb_s.obj
c:\users\user\desktop\team_mhcompany\team118a_uint\engine\include\x64\debug\soldier_rwy_ar.obj
c:\users\user\desktop\team_mhcompany\team118a_uint\engine\include\x64\debug\spherecollider.obj
c:\users\user\desktop\team_mhcompany\team118a_uint\engine\include\x64\debug\sukeban_mg.obj
c:\users\user\desktop\team_mhcompany\team118a_uint\engine\include\x64\debug\techsoldier_decagram_ar.obj
c:\users\user\desktop\team_mhcompany\team118a_uint\engine\include\x64\debug\terror_gasmask_arius_smg.obj
c:\users\user\desktop\team_mhcompany\team118a_uint\engine\include\x64\debug\ui_object.obj
c:\users\user\desktop\team_mhcompany\team118a_uint\engine\include\x64\debug\utility.obj
c:\users\user\desktop\team_mhcompany\team118a_uint\engine\include\x64\debug\warning_mgr.obj
c:\users\user\desktop\team_mhcompany\team118a_uint\engine\include\x64\debug\yukatahanya_streetghostes_sr_turret.obj
c:\users\user\desktop\team_mhcompany\team118a_uint\engine\include\x64\debug\yustina_smg.obj
c:\users\user\desktop\team_mhcompany\team118a_uint\engine\include\x64\debug\boss_hpbar.obj
c:\users\user\desktop\team_mhcompany\team118a_uint\engine\include\x64\debug\bullet_run_normal.obj
c:\users\user\desktop\team_mhcompany\team118a_uint\engine\include\x64\debug\char_akane.obj
c:\users\user\desktop\team_mhcompany\team118a_uint\engine\include\x64\debug\char_chinatsu.obj
c:\users\user\desktop\team_mhcompany\team118a_uint\engine\include\x64\debug\char_hina.obj
c:\users\user\desktop\team_mhcompany\team118a_uint\engine\include\x64\debug\char_kirino.obj
c:\users\user\desktop\team_mhcompany\team118a_uint\engine\include\x64\debug\char_nodoka.obj
c:\users\user\desktop\team_mhcompany\team118a_uint\engine\include\x64\debug\char_suzumi.obj
c:\users\user\desktop\team_mhcompany\team118a_uint\engine\include\x64\debug\character.obj
c:\users\user\desktop\team_mhcompany\team118a_uint\engine\include\x64\debug\dmesh.obj
c:\users\user\desktop\team_mhcompany\team118a_uint\engine\include\x64\debug\droid_helmetboss_smg.obj
c:\users\user\desktop\team_mhcompany\team118a_uint\engine\include\x64\debug\drone_decagram_missile.obj
c:\users\user\desktop\team_mhcompany\team118a_uint\engine\include\x64\debug\enemytss_crusader_pmc.obj
c:\users\user\desktop\team_mhcompany\team118a_uint\engine\include\x64\debug\gameobject.obj
c:\users\user\desktop\team_mhcompany\team118a_uint\engine\include\x64\debug\heavytank_decagram_cannon.obj
c:\users\user\desktop\team_mhcompany\team118a_uint\engine\include\x64\debug\kaitenranger_black_hg.obj
c:\users\user\desktop\team_mhcompany\team118a_uint\engine\include\x64\debug\kaitenranger_red_ar.obj
c:\users\user\desktop\team_mhcompany\team118a_uint\engine\include\x64\debug\line.obj
c:\users\user\desktop\team_mhcompany\team118a_uint\engine\include\x64\debug\particleobject.obj
c:\users\user\desktop\team_mhcompany\team118a_uint\engine\include\x64\debug\royalguard_redwinter_smg.obj
c:\users\user\desktop\team_mhcompany\team118a_uint\engine\include\x64\debug\smesh.obj
c:\users\user\desktop\team_mhcompany\team118a_uint\engine\include\x64\debug\schoolgirl03_sukeban_hmg.obj
c:\users\user\desktop\team_mhcompany\team118a_uint\engine\include\x64\debug\soldier_blackmarket_rl.obj
c:\users\user\desktop\team_mhcompany\team118a_uint\engine\include\x64\debug\soldier_helmet_sr.obj
c:\users\user\desktop\team_mhcompany\team118a_uint\engine\include\x64\debug\soldier_yohekipink_smg.obj
c:\users\user\desktop\team_mhcompany\team118a_uint\engine\include\x64\debug\sweeper_decagram_taser.obj
c:\users\user\desktop\team_mhcompany\team118a_uint\engine\include\x64\debug\terror_droid_mimesis_shield.obj
c:\users\user\desktop\team_mhcompany\team118a_uint\engine\include\x64\debug\timescale_manager.obj
c:\users\user\desktop\team_mhcompany\team118a_uint\engine\include\x64\debug\transform.obj
c:\users\user\desktop\team_mhcompany\team118a_uint\engine\include\x64\debug\ui_scroll_view.obj
c:\users\user\desktop\team_mhcompany\team118a_uint\engine\include\x64\debug\wall512.obj
c:\users\user\desktop\team_mhcompany\team118a_uint\engine\include\x64\debug\worldcreator.obj
c:\users\user\desktop\team_mhcompany\team118a_uint\engine\include\x64\debug\yukata_streetghostes_rl.obj
c:\users\user\desktop\team_mhcompany\team118a_uint\engine\include\x64\debug\backboard.obj
c:\users\user\desktop\team_mhcompany\team118a_uint\engine\include\x64\debug\calculator.obj
c:\users\user\desktop\team_mhcompany\team118a_uint\engine\include\x64\debug\camcontrol_eye.obj
c:\users\user\desktop\team_mhcompany\team118a_uint\engine\include\x64\debug\char_aru.obj
c:\users\user\desktop\team_mhcompany\team118a_uint\engine\include\x64\debug\char_juri.obj
c:\users\user\desktop\team_mhcompany\team118a_uint\engine\include\x64\debug\char_momoi.obj
c:\users\user\desktop\team_mhcompany\team118a_uint\engine\include\x64\debug\char_shun.obj
c:\users\user\desktop\team_mhcompany\team118a_uint\engine\include\x64\debug\combattile.obj
c:\users\user\desktop\team_mhcompany\team118a_uint\engine\include\x64\debug\droid_helmet_smg.obj
c:\users\user\desktop\team_mhcompany\team118a_uint\engine\include\x64\debug\emesh.obj
c:\users\user\desktop\team_mhcompany\team118a_uint\engine\include\x64\debug\foodtruck_genbustore_mg.obj
c:\users\user\desktop\team_mhcompany\team118a_uint\engine\include\x64\debug\hierarchyloader.obj
c:\users\user\desktop\team_mhcompany\team118a_uint\engine\include\x64\debug\kaitenranger_pink_rl.obj
c:\users\user\desktop\team_mhcompany\team118a_uint\engine\include\x64\debug\lighttank_helmet_vulcan.obj
c:\users\user\desktop\team_mhcompany\team118a_uint\engine\include\x64\debug\mymath.obj
c:\users\user\desktop\team_mhcompany\team118a_uint\engine\include\x64\debug\obstacle.obj
c:\users\user\desktop\team_mhcompany\team118a_uint\engine\include\x64\debug\recttest.obj
c:\users\user\desktop\team_mhcompany\team118a_uint\engine\include\x64\debug\royalguard_redwinter_gl.obj
c:\users\user\desktop\team_mhcompany\team118a_uint\engine\include\x64\debug\run_unit.obj
c:\users\user\desktop\team_mhcompany\team118a_uint\engine\include\x64\debug\schoolgirl01_sukebanswim_smg.obj
c:\users\user\desktop\team_mhcompany\team118a_uint\engine\include\x64\debug\schoolgirl03_sukebanswim_mg.obj
c:\users\user\desktop\team_mhcompany\team118a_uint\engine\include\x64\debug\skill_manager.obj
c:\users\user\desktop\team_mhcompany\team118a_uint\engine\include\x64\debug\soldier_redwinteryoheki_sg.obj
c:\users\user\desktop\team_mhcompany\team118a_uint\engine\include\x64\debug\staticobject.obj
c:\users\user\desktop\team_mhcompany\team118a_uint\engine\include\x64\debug\terror_gasmask_arius_hmg.obj
c:\users\user\desktop\team_mhcompany\team118a_uint\engine\include\x64\debug\timermgr.obj
c:\users\user\desktop\team_mhcompany\team118a_uint\engine\include\x64\debug\ui_manager.obj
c:\users\user\desktop\team_mhcompany\team118a_uint\engine\include\x64\debug\xl_parsingmgr.obj
c:\users\user\desktop\team_mhcompany\team118a_uint\engine\include\x64\debug\yukata_streetghostes_sg.obj
c:\users\user\desktop\team_mhcompany\team118a_uint\engine\include\x64\debug\bossmonster.obj
c:\users\user\desktop\team_mhcompany\team118a_uint\engine\include\x64\debug\bullet_normal.obj
c:\users\user\desktop\team_mhcompany\team118a_uint\engine\include\x64\debug\camera_tps.obj
c:\users\user\desktop\team_mhcompany\team118a_uint\engine\include\x64\debug\char_chise.obj
c:\users\user\desktop\team_mhcompany\team118a_uint\engine\include\x64\debug\char_iori.obj
c:\users\user\desktop\team_mhcompany\team118a_uint\engine\include\x64\debug\char_maki.obj
c:\users\user\desktop\team_mhcompany\team118a_uint\engine\include\x64\debug\char_pina.obj
c:\users\user\desktop\team_mhcompany\team118a_uint\engine\include\x64\debug\char_utaha.obj
c:\users\user\desktop\team_mhcompany\team118a_uint\engine\include\x64\debug\charactermgr.obj
c:\users\user\desktop\team_mhcompany\team118a_uint\engine\include\x64\debug\component.obj
c:\users\user\desktop\team_mhcompany\team118a_uint\engine\include\x64\debug\cook_genbustore_sg.obj
c:\users\user\desktop\team_mhcompany\team118a_uint\engine\include\x64\debug\dialog_manager.obj
c:\users\user\desktop\team_mhcompany\team118a_uint\engine\include\x64\debug\enemytss_aparche_blackmarket.obj
c:\users\user\desktop\team_mhcompany\team118a_uint\engine\include\x64\debug\frame.obj
c:\users\user\desktop\team_mhcompany\team118a_uint\engine\include\x64\debug\gasmask_arius_smg.obj
c:\users\user\desktop\team_mhcompany\team118a_uint\engine\include\x64\debug\hiero_r_lantern.obj
c:\users\user\desktop\team_mhcompany\team118a_uint\engine\include\x64\debug\keymanager.obj
c:\users\user\desktop\team_mhcompany\team118a_uint\engine\include\x64\debug\kuro.obj
c:\users\user\desktop\team_mhcompany\team118a_uint\engine\include\x64\debug\obstacle_cafe.obj
c:\users\user\desktop\team_mhcompany\team118a_uint\engine\include\x64\debug\royalguard_redwintersergeant_ar.obj
c:\users\user\desktop\team_mhcompany\team118a_uint\engine\include\x64\debug\run_map.obj
c:\users\user\desktop\team_mhcompany\team118a_uint\engine\include\x64\debug\schoolgirl01_sukeban_smg.obj
c:\users\user\desktop\team_mhcompany\team118a_uint\engine\include\x64\debug\shiro.obj
c:\users\user\desktop\team_mhcompany\team118a_uint\engine\include\x64\debug\soldier_helmet_ar.obj
c:\users\user\desktop\team_mhcompany\team118a_uint\engine\include\x64\debug\soldier_redwinteryoheki_sr.obj
c:\users\user\desktop\team_mhcompany\team118a_uint\engine\include\x64\debug\sukeban_smg.obj
c:\users\user\desktop\team_mhcompany\team118a_uint\engine\include\x64\debug\terror_droid_mimesis_ar.obj
c:\users\user\desktop\team_mhcompany\team118a_uint\engine\include\x64\debug\texture.obj
c:\users\user\desktop\team_mhcompany\team118a_uint\engine\include\x64\debug\trail_fix.obj
c:\users\user\desktop\team_mhcompany\team118a_uint\engine\include\x64\debug\ui_slider_vert.obj
c:\users\user\desktop\team_mhcompany\team118a_uint\engine\include\x64\debug\warning.obj
c:\users\user\desktop\team_mhcompany\team118a_uint\engine\include\x64\debug\yukatahanya_streetghostes_sr_cannon.obj
c:\users\user\desktop\team_mhcompany\team118a_uint\engine\include\x64\debug\yustina_ar.obj
c:\users\user\desktop\team_mhcompany\team118a_uint\engine\include\x64\debug\crossrectbuffer.obj
c:\users\user\desktop\team_mhcompany\team118a_uint\engine\include\x64\debug\chesed_normal_bullet.obj
c:\users\user\desktop\team_mhcompany\team118a_uint\engine\include\x64\debug\skillobject.obj
c:\users\user\desktop\team_mhcompany\team118a_uint\engine\include\x64\debug\invite_character.obj
c:\users\user\desktop\team_mhcompany\team118a_uint\engine\include\x64\debug\chesed_web_laser.obj
c:\users\user\desktop\team_mhcompany\team118a_uint\engine\include\x64\debug\run_drone.obj
c:\users\user\desktop\team_mhcompany\team118a_uint\engine\include\x64\debug\chesed_circle_bullet.obj
c:\users\user\desktop\team_mhcompany\team118a_uint\engine\include\x64\debug\chesed_direct_laser.obj
c:\users\user\desktop\team_mhcompany\team118a_uint\engine\include\x64\debug\char_zunko.obj
c:\users\user\desktop\team_mhcompany\team118a_uint\engine\include\x64\debug\drone_bullet.obj
c:\users\user\desktop\team_mhcompany\team118a_uint\engine\include\x64\debug\vc140.pdb
c:\users\user\desktop\team_mhcompany\team118a_uint\engine\include\x64\debug\camera.obj
c:\users\user\desktop\team_mhcompany\team118a_uint\engine\include\x64\debug\rendertarget.obj
c:\users\user\desktop\team_mhcompany\team118a_uint\engine\include\x64\debug\shader.obj
c:\users\user\desktop\team_mhcompany\team118a_uint\engine\include\x64\debug\fontmgr.obj
c:\users\user\desktop\team_mhcompany\team118a_uint\engine\include\x64\debug\myfont.obj
c:\users\user\desktop\team_mhcompany\team118a_uint\engine\include\x64\debug\rendertargetmgr.obj
c:\users\user\desktop\team_mhcompany\team118a_uint\engine\include\x64\debug\light.obj
c:\users\user\desktop\team_mhcompany\team118a_uint\engine\include\x64\debug\lightmgr.obj
c:\users\user\desktop\team_mhcompany\team118a_uint\engine\include\x64\debug\vc140.idb
c:\users\user\desktop\team_mhcompany\team118a_uint\engine\bin\shader_base.cso
c:\users\user\desktop\team_mhcompany\team118a_uint\engine\bin\shader_effect_blend.cso
c:\users\user\desktop\team_mhcompany\team118a_uint\engine\bin\shader_camera.cso
c:\users\user\desktop\team_mhcompany\team118a_uint\engine\bin\shader_trail.cso
c:\users\user\desktop\team_mhcompany\team118a_uint\engine\bin\shader_ui.cso
c:\users\user\desktop\team_mhcompany\team118a_uint\engine\bin\shader_particle.cso
c:\users\user\desktop\team_mhcompany\team118a_uint\engine\bin\engine.lib
c:\users\user\desktop\team_mhcompany\team118a_uint\engine\bin\engine.exp
c:\users\user\desktop\team_mhcompany\team118a_uint\engine\bin\shader_blur.cso
c:\users\user\desktop\team_mhcompany\team118a_uint\engine\bin\shader_postprocess.cso
c:\users\user\desktop\team_mhcompany\team118a_uint\engine\bin\engine.ilk
c:\users\user\desktop\team_mhcompany\team118a_uint\engine\bin\engine.dll
c:\users\user\desktop\team_mhcompany\team118a_uint\engine\bin\engine.pdb
c:\users\user\desktop\team_mhcompany\team118a_uint\engine\include\../bin\engine.dll
c:\users\user\desktop\team_mhcompany\team118a_uint\engine\include\x64\debug\engine.tlog\cl.command.1.tlog
c:\users\user\desktop\team_mhcompany\team118a_uint\engine\include\x64\debug\engine.tlog\cl.read.1.tlog
c:\users\user\desktop\team_mhcompany\team118a_uint\engine\include\x64\debug\engine.tlog\cl.write.1.tlog
c:\users\user\desktop\team_mhcompany\team118a_uint\engine\include\x64\debug\engine.tlog\engine.write.1u.tlog
c:\users\user\desktop\team_mhcompany\team118a_uint\engine\include\x64\debug\engine.tlog\fxc.command.1.tlog
c:\users\user\desktop\team_mhcompany\team118a_uint\engine\include\x64\debug\engine.tlog\fxc.read.1.tlog
c:\users\user\desktop\team_mhcompany\team118a_uint\engine\include\x64\debug\engine.tlog\fxc.write.1.tlog
c:\users\user\desktop\team_mhcompany\team118a_uint\engine\include\x64\debug\engine.tlog\link.command.1.tlog
c:\users\user\desktop\team_mhcompany\team118a_uint\engine\include\x64\debug\engine.tlog\link.read.1.tlog
c:\users\user\desktop\team_mhcompany\team118a_uint\engine\include\x64\debug\engine.tlog\link.write.1.tlog
