c:\users\user\desktop\team_mhcompany\team118a_uint\client\include\x64\release\client.pch
c:\users\user\desktop\team_mhcompany\team118a_uint\client\include\x64\release\vc140.pdb
c:\users\user\desktop\team_mhcompany\team118a_uint\client\include\x64\release\stdafx.obj
c:\users\user\desktop\team_mhcompany\team118a_uint\client\include\x64\release\client.obj
c:\users\user\desktop\team_mhcompany\team118a_uint\client\include\x64\release\scene_manager.obj
c:\users\user\desktop\team_mhcompany\team118a_uint\client\include\x64\release\mainapp.obj
c:\users\user\desktop\team_mhcompany\team118a_uint\client\include\x64\release\logo.obj
c:\users\user\desktop\team_mhcompany\team118a_uint\client\include\x64\release\lobby2.obj
c:\users\user\desktop\team_mhcompany\team118a_uint\client\include\x64\release\lobby.obj
c:\users\user\desktop\team_mhcompany\team118a_uint\client\include\x64\release\loading.obj
c:\users\user\desktop\team_mhcompany\team118a_uint\client\include\x64\release\background.obj
c:\users\user\desktop\team_mhcompany\team118a_uint\client\bin\client.lib
c:\users\user\desktop\team_mhcompany\team118a_uint\client\bin\client.exp
c:\users\user\desktop\team_mhcompany\team118a_uint\client\bin\client.exe
c:\users\user\desktop\team_mhcompany\team118a_uint\client\bin\client.pdb
c:\users\user\desktop\team_mhcompany\team118a_uint\client\include\x64\release\client.res
c:\users\user\desktop\team_mhcompany\team118a_uint\client\include\../bin\client.exe
c:\users\user\desktop\team_mhcompany\team118a_uint\client\include\x64\release\client.tlog\cl.command.1.tlog
c:\users\user\desktop\team_mhcompany\team118a_uint\client\include\x64\release\client.tlog\cl.read.1.tlog
c:\users\user\desktop\team_mhcompany\team118a_uint\client\include\x64\release\client.tlog\cl.write.1.tlog
c:\users\user\desktop\team_mhcompany\team118a_uint\client\include\x64\release\client.tlog\client.write.1u.tlog
c:\users\user\desktop\team_mhcompany\team118a_uint\client\include\x64\release\client.tlog\link.command.1.tlog
c:\users\user\desktop\team_mhcompany\team118a_uint\client\include\x64\release\client.tlog\link.read.1.tlog
c:\users\user\desktop\team_mhcompany\team118a_uint\client\include\x64\release\client.tlog\link.write.1.tlog
c:\users\user\desktop\team_mhcompany\team118a_uint\client\include\x64\release\client.tlog\rc.command.1.tlog
c:\users\user\desktop\team_mhcompany\team118a_uint\client\include\x64\release\client.tlog\rc.read.1.tlog
c:\users\user\desktop\team_mhcompany\team118a_uint\client\include\x64\release\client.tlog\rc.write.1.tlog
