d:\team_mhcompany\team118a_uint\engine\include\x64\release\binah_halo.obj
d:\team_mhcompany\team118a_uint\engine\include\x64\release\bullet_dead.obj
d:\team_mhcompany\team118a_uint\engine\include\x64\release\bullet_normal_monster.obj
d:\team_mhcompany\team118a_uint\engine\include\x64\release\chesed_circle_bullet.obj
d:\team_mhcompany\team118a_uint\engine\include\x64\release\cutdonutguide.obj
d:\team_mhcompany\team118a_uint\engine\include\x64\release\hiero_g_lantern.obj
d:\team_mhcompany\team118a_uint\engine\include\x64\release\run_chesed.obj
d:\team_mhcompany\team118a_uint\engine\include\x64\release\skydome.obj
d:\team_mhcompany\team118a_uint\engine\include\x64\release\warning_mgr.obj
d:\team_mhcompany\team118a_uint\engine\include\x64\release\run_player.obj
d:\team_mhcompany\team118a_uint\engine\include\x64\release\boxcat.obj
d:\team_mhcompany\team118a_uint\engine\include\x64\release\char_akane.obj
d:\team_mhcompany\team118a_uint\engine\include\x64\release\char_chise.obj
d:\team_mhcompany\team118a_uint\engine\include\x64\release\char_izumi.obj
d:\team_mhcompany\team118a_uint\engine\include\x64\release\char_mashiro.obj
d:\team_mhcompany\team118a_uint\engine\include\x64\release\char_serika.obj
d:\team_mhcompany\team118a_uint\engine\include\x64\release\char_yoshimi.obj
d:\team_mhcompany\team118a_uint\engine\include\x64\release\cook_genbustore_sg.obj
d:\team_mhcompany\team118a_uint\engine\include\x64\release\droid_helmet_smg.obj
d:\team_mhcompany\team118a_uint\engine\include\x64\release\emesh.obj
d:\team_mhcompany\team118a_uint\engine\include\x64\release\fontmgr.obj
d:\team_mhcompany\team118a_uint\engine\include\x64\release\fx_utaha_original_turret.obj
d:\team_mhcompany\team118a_uint\engine\include\x64\release\heavytank_decagram_cannon.obj
d:\team_mhcompany\team118a_uint\engine\include\x64\release\keymanager.obj
d:\team_mhcompany\team118a_uint\engine\include\x64\release\lightmgr.obj
d:\team_mhcompany\team118a_uint\engine\include\x64\release\obstacle_combat.obj
d:\team_mhcompany\team118a_uint\engine\include\x64\release\protomgr.obj
d:\team_mhcompany\team118a_uint\engine\include\x64\release\rendertargetmgr.obj
d:\team_mhcompany\team118a_uint\engine\include\x64\release\scene.obj
d:\team_mhcompany\team118a_uint\engine\include\x64\release\schoolgirl03_sukeban_hmg.obj
d:\team_mhcompany\team118a_uint\engine\include\x64\release\soldier_helmet_ar.obj
d:\team_mhcompany\team118a_uint\engine\include\x64\release\soldier_rwy_ar.obj
d:\team_mhcompany\team118a_uint\engine\include\x64\release\sukeban_smg.obj
d:\team_mhcompany\team118a_uint\engine\include\x64\release\terror_droid_mimesis_shield.obj
d:\team_mhcompany\team118a_uint\engine\include\x64\release\timer.obj
d:\team_mhcompany\team118a_uint\engine\include\x64\release\ui_manager.obj
d:\team_mhcompany\team118a_uint\engine\include\x64\release\yukatahanya_streetghostes_sr.obj
d:\team_mhcompany\team118a_uint\engine\include\x64\release\yukata_streetghostes_sg_turret.obj
d:\team_mhcompany\team118a_uint\engine\include\x64\release\binah_environment.obj
d:\team_mhcompany\team118a_uint\engine\include\x64\release\bullet_bezier.obj
d:\team_mhcompany\team118a_uint\engine\include\x64\release\camcontrol_at.obj
d:\team_mhcompany\team118a_uint\engine\include\x64\release\char_zunko.obj
d:\team_mhcompany\team118a_uint\engine\include\x64\release\combattile.obj
d:\team_mhcompany\team118a_uint\engine\include\x64\release\kuroground.obj
d:\team_mhcompany\team118a_uint\engine\include\x64\release\run_obstacle.obj
d:\team_mhcompany\team118a_uint\engine\include\x64\release\trail_fix.obj
d:\team_mhcompany\team118a_uint\engine\include\x64\release\mascot.obj
d:\team_mhcompany\team118a_uint\engine\include\x64\release\soldier_yohekipink_smg.obj
d:\team_mhcompany\team118a_uint\engine\include\x64\release\charactermgr.obj
d:\team_mhcompany\team118a_uint\engine\include\x64\release\char_aru.obj
d:\team_mhcompany\team118a_uint\engine\include\x64\release\char_hibiki.obj
d:\team_mhcompany\team118a_uint\engine\include\x64\release\char_kayoko.obj
d:\team_mhcompany\team118a_uint\engine\include\x64\release\char_neru.obj
d:\team_mhcompany\team118a_uint\engine\include\x64\release\char_suzumi.obj
d:\team_mhcompany\team118a_uint\engine\include\x64\release\collisionmanager.obj
d:\team_mhcompany\team118a_uint\engine\include\x64\release\dialog_manager.obj
d:\team_mhcompany\team118a_uint\engine\include\x64\release\drone_decagram_missile.obj
d:\team_mhcompany\team118a_uint\engine\include\x64\release\fogmanager.obj
d:\team_mhcompany\team118a_uint\engine\include\x64\release\framemgr.obj
d:\team_mhcompany\team118a_uint\engine\include\x64\release\gasmask_arius_smg.obj
d:\team_mhcompany\team118a_uint\engine\include\x64\release\kaitenranger_pink_rl.obj
d:\team_mhcompany\team118a_uint\engine\include\x64\release\light.obj
d:\team_mhcompany\team118a_uint\engine\include\x64\release\obstacle_cafe.obj
d:\team_mhcompany\team118a_uint\engine\include\x64\release\mymath.obj
d:\team_mhcompany\team118a_uint\engine\include\x64\release\rectbuffer.obj
d:\team_mhcompany\team118a_uint\engine\include\x64\release\royalguard_redwinter_ar.obj
d:\team_mhcompany\team118a_uint\engine\include\x64\release\schoolgirl01_sukeban_smg.obj
d:\team_mhcompany\team118a_uint\engine\include\x64\release\shader.obj
d:\team_mhcompany\team118a_uint\engine\include\x64\release\soldier_fuuki_mg.obj
d:\team_mhcompany\team118a_uint\engine\include\x64\release\soldier_redwinteryoheki_sr.obj
d:\team_mhcompany\team118a_uint\engine\include\x64\release\stagemap.obj
d:\team_mhcompany\team118a_uint\engine\include\x64\release\techsoldier_decagram_ar.obj
d:\team_mhcompany\team118a_uint\engine\include\x64\release\terror_gasmask_arius_smg.obj
d:\team_mhcompany\team118a_uint\engine\include\x64\release\ui_damage.obj
d:\team_mhcompany\team118a_uint\engine\include\x64\release\unit.obj
d:\team_mhcompany\team118a_uint\engine\include\x64\release\yukatahanya_streetghostes_sr_cannon.obj
d:\team_mhcompany\team118a_uint\engine\include\x64\release\yustina_ar.obj
d:\team_mhcompany\team118a_uint\engine\include\x64\release\actioncam_mgr.obj
d:\team_mhcompany\team118a_uint\engine\include\x64\release\bossmonster.obj
d:\team_mhcompany\team118a_uint\engine\include\x64\release\bullet_normal_trail.obj
d:\team_mhcompany\team118a_uint\engine\include\x64\release\chesed_web_laser.obj
d:\team_mhcompany\team118a_uint\engine\include\x64\release\fanguide.obj
d:\team_mhcompany\team118a_uint\engine\include\x64\release\hiero_r_lantern.obj
d:\team_mhcompany\team118a_uint\engine\include\x64\release\run_drone.obj
d:\team_mhcompany\team118a_uint\engine\include\x64\release\straightguide.obj
d:\team_mhcompany\team118a_uint\engine\include\x64\release\kuro.obj
d:\team_mhcompany\team118a_uint\engine\include\x64\release\anictrl.obj
d:\team_mhcompany\team118a_uint\engine\include\x64\release\camera.obj
d:\team_mhcompany\team118a_uint\engine\include\x64\release\char_airi.obj
d:\team_mhcompany\team118a_uint\engine\include\x64\release\char_eimi.obj
d:\team_mhcompany\team118a_uint\engine\include\x64\release\char_juri.obj
d:\team_mhcompany\team118a_uint\engine\include\x64\release\char_momoi.obj
d:\team_mhcompany\team118a_uint\engine\include\x64\release\char_shun.obj
d:\team_mhcompany\team118a_uint\engine\include\x64\release\char_yuzu.obj
d:\team_mhcompany\team118a_uint\engine\include\x64\release\dataparsing.obj
d:\team_mhcompany\team118a_uint\engine\include\x64\release\dmesh.obj
d:\team_mhcompany\team118a_uint\engine\include\x64\release\droid_yoheki_shield.obj
d:\team_mhcompany\team118a_uint\engine\include\x64\release\enemytss_aparche_blackmarket.obj
d:\team_mhcompany\team118a_uint\engine\include\x64\release\gameobject.obj
d:\team_mhcompany\team118a_uint\engine\include\x64\release\heavytank01_helmet_cannon.obj
d:\team_mhcompany\team118a_uint\engine\include\x64\release\kaitenranger_yellow_sr.obj
d:\team_mhcompany\team118a_uint\engine\include\x64\release\line.obj
d:\team_mhcompany\team118a_uint\engine\include\x64\release\monster.obj
d:\team_mhcompany\team118a_uint\engine\include\x64\release\renderer.obj
d:\team_mhcompany\team118a_uint\engine\include\x64\release\schoolgirl02_sukebanswim_sr.obj
d:\team_mhcompany\team118a_uint\engine\include\x64\release\skill_manager.obj
d:\team_mhcompany\team118a_uint\engine\include\x64\release\soldier_helmet_sr.obj
d:\team_mhcompany\team118a_uint\engine\include\x64\release\sound_manager.obj
d:\team_mhcompany\team118a_uint\engine\include\x64\release\smesh.obj
d:\team_mhcompany\team118a_uint\engine\include\x64\release\sweeper_decagram_taser.obj
d:\team_mhcompany\team118a_uint\engine\include\x64\release\terror_gasmask_arius_hmg.obj
d:\team_mhcompany\team118a_uint\engine\include\x64\release\timescale_manager.obj
d:\team_mhcompany\team118a_uint\engine\include\x64\release\ui_scroll_view.obj
d:\team_mhcompany\team118a_uint\engine\include\x64\release\wall512.obj
d:\team_mhcompany\team118a_uint\engine\include\x64\release\xl_parsingmgr.obj
d:\team_mhcompany\team118a_uint\engine\include\x64\release\yukatahanya_streetghostes_sr_turret.obj
d:\team_mhcompany\team118a_uint\engine\include\x64\release\yustina_smg.obj
d:\team_mhcompany\team118a_uint\engine\include\x64\release\attackobj.obj
d:\team_mhcompany\team118a_uint\engine\include\x64\release\boss_hpbar.obj
d:\team_mhcompany\team118a_uint\engine\include\x64\release\bullet_parabola_monster.obj
d:\team_mhcompany\team118a_uint\engine\include\x64\release\chesed_normal_bullet.obj
d:\team_mhcompany\team118a_uint\engine\include\x64\release\drone_bullet.obj
d:\team_mhcompany\team118a_uint\engine\include\x64\release\kuro_car.obj
d:\team_mhcompany\team118a_uint\engine\include\x64\release\run_unit.obj
d:\team_mhcompany\team118a_uint\engine\include\x64\release\tanmak_effect.obj
d:\team_mhcompany\team118a_uint\engine\include\x64\release\run_map.obj
d:\team_mhcompany\team118a_uint\engine\include\x64\release\shiro.obj
d:\team_mhcompany\team118a_uint\engine\include\x64\release\camera_cafe.obj
d:\team_mhcompany\team118a_uint\engine\include\x64\release\char_aris.obj
d:\team_mhcompany\team118a_uint\engine\include\x64\release\char_hasumi.obj
d:\team_mhcompany\team118a_uint\engine\include\x64\release\char_karin.obj
d:\team_mhcompany\team118a_uint\engine\include\x64\release\char_mutsuki.obj
d:\team_mhcompany\team118a_uint\engine\include\x64\release\char_sumire.obj
d:\team_mhcompany\team118a_uint\engine\include\x64\release\collider.obj
d:\team_mhcompany\team118a_uint\engine\include\x64\release\cook_genbustore_mg.obj
d:\team_mhcompany\team118a_uint\engine\include\x64\release\droid_helmet_rl.obj
d:\team_mhcompany\team118a_uint\engine\include\x64\release\effectobject.obj
d:\team_mhcompany\team118a_uint\engine\include\x64\release\frame.obj
d:\team_mhcompany\team118a_uint\engine\include\x64\release\gamemanager.obj
d:\team_mhcompany\team118a_uint\engine\include\x64\release\kaitenranger_green_hmg.obj
d:\team_mhcompany\team118a_uint\engine\include\x64\release\layer.obj
d:\team_mhcompany\team118a_uint\engine\include\x64\release\management.obj
d:\team_mhcompany\team118a_uint\engine\include\x64\release\recttest.obj
d:\team_mhcompany\team118a_uint\engine\include\x64\release\royalguard_redwinter_gl.obj
d:\team_mhcompany\team118a_uint\engine\include\x64\release\schoolgirl02_sukeban_sr.obj
d:\team_mhcompany\team118a_uint\engine\include\x64\release\calculator.obj
d:\team_mhcompany\team118a_uint\engine\include\x64\release\soldier_helmet_sg.obj
d:\team_mhcompany\team118a_uint\engine\include\x64\release\soldier_yohekipink_mg.obj
d:\team_mhcompany\team118a_uint\engine\include\x64\release\sukeban_sr.obj
d:\team_mhcompany\team118a_uint\engine\include\x64\release\terror_gasmask_arius_gl.obj
d:\team_mhcompany\team118a_uint\engine\include\x64\release\timermgr.obj
d:\team_mhcompany\team118a_uint\engine\include\x64\release\ui_object.obj
d:\team_mhcompany\team118a_uint\engine\include\x64\release\vibuffer.obj
d:\team_mhcompany\team118a_uint\engine\include\x64\release\worldui.obj
d:\team_mhcompany\team118a_uint\engine\include\x64\release\yukata_streetghostes_rl.obj
d:\team_mhcompany\team118a_uint\engine\include\x64\release\binah.obj
d:\team_mhcompany\team118a_uint\engine\include\x64\release\bullet_normal.obj
d:\team_mhcompany\team118a_uint\engine\include\x64\release\camcontrol_eye.obj
d:\team_mhcompany\team118a_uint\engine\include\x64\release\chesed_direct_laser.obj
d:\team_mhcompany\team118a_uint\engine\include\x64\release\donutguide.obj
d:\team_mhcompany\team118a_uint\engine\include\x64\release\invite_character.obj
d:\team_mhcompany\team118a_uint\engine\include\x64\release\kuro_horse.obj
d:\team_mhcompany\team118a_uint\engine\include\x64\release\skillobject.obj
d:\team_mhcompany\team118a_uint\engine\include\x64\release\uiskillobject.obj
d:\team_mhcompany\team118a_uint\engine\include\x64\release\quatcamera.obj
d:\team_mhcompany\team118a_uint\engine\include\x64\release\shiro_bomb_s.obj
d:\team_mhcompany\team118a_uint\engine\include\x64\release\camera_tps.obj
d:\team_mhcompany\team118a_uint\engine\include\x64\release\char_azusa.obj
d:\team_mhcompany\team118a_uint\engine\include\x64\release\char_hina.obj
d:\team_mhcompany\team118a_uint\engine\include\x64\release\char_kirino.obj
d:\team_mhcompany\team118a_uint\engine\include\x64\release\char_nodoka.obj
d:\team_mhcompany\team118a_uint\engine\include\x64\release\char_utaha.obj
d:\team_mhcompany\team118a_uint\engine\include\x64\release\component.obj
d:\team_mhcompany\team118a_uint\engine\include\x64\release\datamanager.obj
d:\team_mhcompany\team118a_uint\engine\include\x64\release\droid_helmetboss_smg.obj
d:\team_mhcompany\team118a_uint\engine\include\x64\release\drone_decagram_vulcan.obj
d:\team_mhcompany\team118a_uint\engine\include\x64\release\foodtruck_genbustore_mg.obj
d:\team_mhcompany\team118a_uint\engine\include\x64\release\graphicdev.obj
d:\team_mhcompany\team118a_uint\engine\include\x64\release\hierarchyloader.obj
d:\team_mhcompany\team118a_uint\engine\include\x64\release\kaitenranger_red_ar.obj
d:\team_mhcompany\team118a_uint\engine\include\x64\release\lighttank_helmet_vulcan.obj
d:\team_mhcompany\team118a_uint\engine\include\x64\release\myfont.obj
d:\team_mhcompany\team118a_uint\engine\include\x64\release\prefabmanager.obj
d:\team_mhcompany\team118a_uint\engine\include\x64\release\rendertarget.obj
d:\team_mhcompany\team118a_uint\engine\include\x64\release\royalguard_redwinter_smg.obj
d:\team_mhcompany\team118a_uint\engine\include\x64\release\schoolgirl03_sukebanswim_mg.obj
d:\team_mhcompany\team118a_uint\engine\include\x64\release\soldier_blackmarket_rl.obj
d:\team_mhcompany\team118a_uint\engine\include\x64\release\soldier_redwinteryoheki_sg.obj
d:\team_mhcompany\team118a_uint\engine\include\x64\release\staticobject.obj
d:\team_mhcompany\team118a_uint\engine\include\x64\release\terror_droid_mimesis_ar.obj
d:\team_mhcompany\team118a_uint\engine\include\x64\release\tilefield.obj
d:\team_mhcompany\team118a_uint\engine\include\x64\release\utility.obj
d:\team_mhcompany\team118a_uint\engine\include\x64\release\worldcreator.obj
d:\team_mhcompany\team118a_uint\engine\include\x64\release\yukata_streetghostes_sg.obj
d:\team_mhcompany\team118a_uint\engine\include\x64\release\backboard.obj
d:\team_mhcompany\team118a_uint\engine\include\x64\release\binah_tail.obj
d:\team_mhcompany\team118a_uint\engine\include\x64\release\bullet_run_normal.obj
d:\team_mhcompany\team118a_uint\engine\include\x64\release\circleguide.obj
d:\team_mhcompany\team118a_uint\engine\include\x64\release\crossrectbuffer.obj
d:\team_mhcompany\team118a_uint\engine\include\x64\release\goliath_decagram_vulcan.obj
d:\team_mhcompany\team118a_uint\engine\include\x64\release\kuro_cup.obj
d:\team_mhcompany\team118a_uint\engine\include\x64\release\skillguideobject.obj
d:\team_mhcompany\team118a_uint\engine\include\x64\release\spheretex2.obj
d:\team_mhcompany\team118a_uint\engine\include\x64\release\hieronymus.obj
d:\team_mhcompany\team118a_uint\engine\include\x64\release\shiro_ball.obj
d:\team_mhcompany\team118a_uint\engine\include\x64\release\character.obj
d:\team_mhcompany\team118a_uint\engine\include\x64\release\char_chinatsu.obj
d:\team_mhcompany\team118a_uint\engine\include\x64\release\char_iori.obj
d:\team_mhcompany\team118a_uint\engine\include\x64\release\char_maki.obj
d:\team_mhcompany\team118a_uint\engine\include\x64\release\char_pina.obj
d:\team_mhcompany\team118a_uint\engine\include\x64\release\char_wakamo.obj
d:\team_mhcompany\team118a_uint\engine\include\x64\release\cook_genbustore_ar.obj
d:\team_mhcompany\team118a_uint\engine\include\x64\release\droid_helmet_ar.obj
d:\team_mhcompany\team118a_uint\engine\include\x64\release\dynamiccamera.obj
d:\team_mhcompany\team118a_uint\engine\include\x64\release\enemytss_crusader_pmc.obj
d:\team_mhcompany\team118a_uint\engine\include\x64\release\gasmask_arius_hmg.obj
d:\team_mhcompany\team118a_uint\engine\include\x64\release\kaitenranger_black_hg.obj
d:\team_mhcompany\team118a_uint\engine\include\x64\release\kumabotpapa_slumpia_sg.obj
d:\team_mhcompany\team118a_uint\engine\include\x64\release\obstacle.obj
d:\team_mhcompany\team118a_uint\engine\include\x64\release\particleobject.obj
d:\team_mhcompany\team118a_uint\engine\include\x64\release\royalguard_redwintersergeant_ar.obj
d:\team_mhcompany\team118a_uint\engine\include\x64\release\schoolgirl01_sukebanswim_smg.obj
d:\team_mhcompany\team118a_uint\engine\include\x64\release\schoolgirlboss02_sukebanswim_mg.obj
d:\team_mhcompany\team118a_uint\engine\include\x64\release\soldier_kaiserpmc_hg.obj
d:\team_mhcompany\team118a_uint\engine\include\x64\release\spherecollider.obj
d:\team_mhcompany\team118a_uint\engine\include\x64\release\sukeban_mg.obj
d:\team_mhcompany\team118a_uint\engine\include\x64\release\terror_droid_mimesis_rl.obj
d:\team_mhcompany\team118a_uint\engine\include\x64\release\texture.obj
d:\team_mhcompany\team118a_uint\engine\include\x64\release\transform.obj
d:\team_mhcompany\team118a_uint\engine\include\x64\release\ui_slider_vert.obj
d:\team_mhcompany\team118a_uint\engine\include\x64\release\warning.obj
d:\team_mhcompany\team118a_uint\engine\include\x64\release\yukata_streetghostes_mg.obj
d:\team_mhcompany\team118a_uint\engine\include\x64\release\yustina_sr.obj
d:\team_mhcompany\team118a_uint\engine\include\x64\release\loadingmanager.obj
d:\team_mhcompany\team118a_uint\engine\include\x64\release\hod_cannon.obj
d:\team_mhcompany\team118a_uint\engine\include\x64\release\hod.obj
d:\team_mhcompany\team118a_uint\engine\include\x64\release\vc141.pdb
c:\users\user\desktop\team_mhcompany\team118a_uint\engine\bin\engine.lib
c:\users\user\desktop\team_mhcompany\team118a_uint\engine\bin\engine.exp
c:\users\user\desktop\team_mhcompany\team118a_uint\engine\bin\engine.ipdb
c:\users\user\desktop\team_mhcompany\team118a_uint\engine\bin\engine.iobj
d:\team_mhcompany\team118a_uint\engine\bin\engine.lib
d:\team_mhcompany\team118a_uint\engine\bin\engine.exp
d:\team_mhcompany\team118a_uint\engine\bin\engine.ipdb
d:\team_mhcompany\team118a_uint\engine\bin\engine.iobj
c:\users\user\desktop\team_mhcompany\team118a_uint\engine\bin\shader_base.cso
c:\users\user\desktop\team_mhcompany\team118a_uint\engine\bin\shader_blur.cso
c:\users\user\desktop\team_mhcompany\team118a_uint\engine\bin\shader_effect_blend.cso
c:\users\user\desktop\team_mhcompany\team118a_uint\engine\bin\shader_lightmgr.cso
c:\users\user\desktop\team_mhcompany\team118a_uint\engine\bin\shader_postprocess.cso
c:\users\user\desktop\team_mhcompany\team118a_uint\engine\bin\shader_trail.cso
c:\users\user\desktop\team_mhcompany\team118a_uint\engine\bin\shader_ui.cso
c:\users\user\desktop\team_mhcompany\team118a_uint\engine\bin\shader_godray.cso
d:\team_mhcompany\team118a_uint\engine\bin\shader_base.cso
d:\team_mhcompany\team118a_uint\engine\bin\shader_blur.cso
d:\team_mhcompany\team118a_uint\engine\bin\shader_effect_blend.cso
d:\team_mhcompany\team118a_uint\engine\bin\shader_godray.cso
d:\team_mhcompany\team118a_uint\engine\bin\shader_lightmgr.cso
d:\team_mhcompany\team118a_uint\engine\bin\shader_postprocess.cso
d:\team_mhcompany\team118a_uint\engine\bin\shader_trail.cso
d:\team_mhcompany\team118a_uint\engine\bin\shader_ui.cso
c:\users\user\desktop\team_mhcompany\team118a_uint\engine\bin\engine.dll
c:\users\user\desktop\team_mhcompany\team118a_uint\engine\bin\engine.pdb
d:\team_mhcompany\team118a_uint\engine\bin\engine.dll
d:\team_mhcompany\team118a_uint\engine\bin\engine.pdb
d:\team_mhcompany\team118a_uint\engine\include\x64\release\char_cherino.obj
d:\team_mhcompany\team118a_uint\engine\include\x64\release\vc140.pdb
d:\team_mhcompany\team118a_uint\engine\include\../bin\engine.dll
d:\team_mhcompany\team118a_uint\engine\include\x64\release\engine.tlog\cl.command.1.tlog
d:\team_mhcompany\team118a_uint\engine\include\x64\release\engine.tlog\cl.read.1.tlog
d:\team_mhcompany\team118a_uint\engine\include\x64\release\engine.tlog\cl.write.1.tlog
d:\team_mhcompany\team118a_uint\engine\include\x64\release\engine.tlog\engine.write.1u.tlog
d:\team_mhcompany\team118a_uint\engine\include\x64\release\engine.tlog\fxc.command.1.tlog
d:\team_mhcompany\team118a_uint\engine\include\x64\release\engine.tlog\fxc.read.1.tlog
d:\team_mhcompany\team118a_uint\engine\include\x64\release\engine.tlog\fxc.write.1.tlog
d:\team_mhcompany\team118a_uint\engine\include\x64\release\engine.tlog\link.command.1.tlog
d:\team_mhcompany\team118a_uint\engine\include\x64\release\engine.tlog\link.delete.1.tlog
d:\team_mhcompany\team118a_uint\engine\include\x64\release\engine.tlog\link.read.1.tlog
d:\team_mhcompany\team118a_uint\engine\include\x64\release\engine.tlog\link.write.1.tlog
